# JRE version: Java(TM) SE Runtime Environment (8.0_181-b13) (build 1.8.0_181-b13)
# Java VM: Java HotSpot(TM) 64-Bit Server VM (25.181-b13 mixed mode windows-amd64 compressed oops)
Heap:
 PSYoungGen      total 109568K, used 24797K [0x000000076b600000, 0x0000000773c80000, 0x00000007c0000000)
  eden space 95232K, 10% used [0x000000076b600000,0x000000076c0387f0,0x0000000771300000)
  from space 14336K, 99% used [0x0000000772400000,0x00000007731fecd0,0x0000000773200000)
  to   space 17408K, 0% used [0x0000000771300000,0x0000000771300000,0x0000000772400000)
 ParOldGen       total 113664K, used 26761K [0x00000006c2200000, 0x00000006c9100000, 0x000000076b600000)
  object space 113664K, 23% used [0x00000006c2200000,0x00000006c3c225e0,0x00000006c9100000)
 Metaspace       used 28621K, capacity 29084K, committed 29184K, reserved 1075200K
  class space    used 3369K, capacity 3519K, committed 3584K, reserved 1048576K
GC Heap History (10 events):
Event: 4.166 GC heap before
{Heap before GC invocations=3 (full 0):
 PSYoungGen      total 75776K, used 45676K [0x000000076b600000, 0x0000000770a80000, 0x00000007c0000000)
  eden space 65024K, 53% used [0x000000076b600000,0x000000076d820870,0x000000076f580000)
  from space 10752K, 99% used [0x0000000770000000,0x0000000770a7a898,0x0000000770a80000)
  to   space 10752K, 0% used [0x000000076f580000,0x000000076f580000,0x0000000770000000)
 ParOldGen       total 173568K, used 1728K [0x00000006c2200000, 0x00000006ccb80000, 0x000000076b600000)
  object space 173568K, 0% used [0x00000006c2200000,0x00000006c23b0098,0x00000006ccb80000)
 Metaspace       used 20857K, capacity 21118K, committed 21248K, reserved 1069056K
  class space    used 2372K, capacity 2477K, committed 2560K, reserved 1048576K
Event: 4.178 GC heap after
Heap after GC invocations=3 (full 0):
 PSYoungGen      total 75776K, used 10744K [0x000000076b600000, 0x0000000770a80000, 0x00000007c0000000)
  eden space 65024K, 0% used [0x000000076b600000,0x000000076b600000,0x000000076f580000)
  from space 10752K, 99% used [0x000000076f580000,0x000000076fffe0d0,0x0000000770000000)
  to   space 10752K, 0% used [0x0000000770000000,0x0000000770000000,0x0000000770a80000)
 ParOldGen       total 173568K, used 3279K [0x00000006c2200000, 0x00000006ccb80000, 0x000000076b600000)
  object space 173568K, 1% used [0x00000006c2200000,0x00000006c2533ec0,0x00000006ccb80000)
 Metaspace       used 20857K, capacity 21118K, committed 21248K, reserved 1069056K
  class space    used 2372K, capacity 2477K, committed 2560K, reserved 1048576K
}
Event: 4.178 GC heap before
{Heap before GC invocations=4 (full 1):
 PSYoungGen      total 75776K, used 10744K [0x000000076b600000, 0x0000000770a80000, 0x00000007c0000000)
  eden space 65024K, 0% used [0x000000076b600000,0x000000076b600000,0x000000076f580000)
  from space 10752K, 99% used [0x000000076f580000,0x000000076fffe0d0,0x0000000770000000)
  to   space 10752K, 0% used [0x0000000770000000,0x0000000770000000,0x0000000770a80000)
 ParOldGen       total 173568K, used 3279K [0x00000006c2200000, 0x00000006ccb80000, 0x000000076b600000)
  object space 173568K, 1% used [0x00000006c2200000,0x00000006c2533ec0,0x00000006ccb80000)
 Metaspace       used 20857K, capacity 21118K, committed 21248K, reserved 1069056K
  class space    used 2372K, capacity 2477K, committed 2560K, reserved 1048576K
Event: 4.242 GC heap after
Heap after GC invocations=4 (full 1):
 PSYoungGen      total 75776K, used 0K [0x000000076b600000, 0x0000000770a80000, 0x00000007c0000000)
  eden space 65024K, 0% used [0x000000076b600000,0x000000076b600000,0x000000076f580000)
  from space 10752K, 0% used [0x000000076f580000,0x000000076f580000,0x0000000770000000)
  to   space 10752K, 0% used [0x0000000770000000,0x0000000770000000,0x0000000770a80000)
 ParOldGen       total 113664K, used 12235K [0x00000006c2200000, 0x00000006c9100000, 0x000000076b600000)
  object space 113664K, 10% used [0x00000006c2200000,0x00000006c2df2f28,0x00000006c9100000)
 Metaspace       used 20857K, capacity 21118K, committed 21248K, reserved 1069056K
  class space    used 2372K, capacity 2477K, committed 2560K, reserved 1048576K
}
Event: 6.174 GC heap before
{Heap before GC invocations=5 (full 1):
 PSYoungGen      total 75776K, used 65024K [0x000000076b600000, 0x0000000770a80000, 0x00000007c0000000)
  eden space 65024K, 100% used [0x000000076b600000,0x000000076f580000,0x000000076f580000)
  from space 10752K, 0% used [0x000000076f580000,0x000000076f580000,0x0000000770000000)
  to   space 10752K, 0% used [0x0000000770000000,0x0000000770000000,0x0000000770a80000)
 ParOldGen       total 113664K, used 12235K [0x00000006c2200000, 0x00000006c9100000, 0x000000076b600000)
  object space 113664K, 10% used [0x00000006c2200000,0x00000006c2df2f28,0x00000006c9100000)
 Metaspace       used 26462K, capacity 26912K, committed 27136K, reserved 1073152K
  class space    used 3061K, capacity 3201K, committed 3328K, reserved 1048576K
Event: 6.179 GC heap after
Heap after GC invocations=5 (full 1):
 PSYoungGen      total 75776K, used 7698K [0x000000076b600000, 0x0000000772600000, 0x00000007c0000000)
  eden space 65024K, 0% used [0x000000076b600000,0x000000076b600000,0x000000076f580000)
  from space 10752K, 71% used [0x0000000770000000,0x0000000770784a10,0x0000000770a80000)
  to   space 10752K, 0% used [0x000000076f580000,0x000000076f580000,0x0000000770000000)
 ParOldGen       total 113664K, used 12243K [0x00000006c2200000, 0x00000006c9100000, 0x000000076b600000)
  object space 113664K, 10% used [0x00000006c2200000,0x00000006c2df4f28,0x00000006c9100000)
 Metaspace       used 26462K, capacity 26912K, committed 27136K, reserved 1073152K
  class space    used 3061K, capacity 3201K, committed 3328K, reserved 1048576K
}
Event: 6.483 GC heap before
{Heap before GC invocations=6 (full 1):
 PSYoungGen      total 75776K, used 69555K [0x000000076b600000, 0x0000000772600000, 0x00000007c0000000)
  eden space 65024K, 95% used [0x000000076b600000,0x000000076f268308,0x000000076f580000)
  from space 10752K, 71% used [0x0000000770000000,0x0000000770784a10,0x0000000770a80000)
  to   space 10752K, 0% used [0x000000076f580000,0x000000076f580000,0x0000000770000000)
 ParOldGen       total 113664K, used 12243K [0x00000006c2200000, 0x00000006c9100000, 0x000000076b600000)
  object space 113664K, 10% used [0x00000006c2200000,0x00000006c2df4f28,0x00000006c9100000)
 Metaspace       used 27264K, capacity 27774K, committed 27904K, reserved 1073152K
  class space    used 3144K, capacity 3273K, committed 3328K, reserved 1048576K
Event: 6.492 GC heap after
Heap after GC invocations=6 (full 1):
 PSYoungGen      total 75776K, used 9321K [0x000000076b600000, 0x0000000773200000, 0x00000007c0000000)
  eden space 65024K, 0% used [0x000000076b600000,0x000000076b600000,0x000000076f580000)
  from space 10752K, 86% used [0x000000076f580000,0x000000076fe9a790,0x0000000770000000)
  to   space 14336K, 0% used [0x0000000772400000,0x0000000772400000,0x0000000773200000)
 ParOldGen       total 113664K, used 24545K [0x00000006c2200000, 0x00000006c9100000, 0x000000076b600000)
  object space 113664K, 21% used [0x00000006c2200000,0x00000006c39f8758,0x00000006c9100000)
 Metaspace       used 27264K, capacity 27774K, committed 27904K, reserved 1073152K
  class space    used 3144K, capacity 3273K, committed 3328K, reserved 1048576K
}
Event: 6.880 GC heap before
{Heap before GC invocations=7 (full 1):
 PSYoungGen      total 75776K, used 71536K [0x000000076b600000, 0x0000000773200000, 0x00000007c0000000)
  eden space 65024K, 95% used [0x000000076b600000,0x000000076f2c1a88,0x000000076f580000)
  from space 10752K, 86% used [0x000000076f580000,0x000000076fe9a790,0x0000000770000000)
  to   space 14336K, 0% used [0x0000000772400000,0x0000000772400000,0x0000000773200000)
 ParOldGen       total 113664K, used 24545K [0x00000006c2200000, 0x00000006c9100000, 0x000000076b600000)
  object space 113664K, 21% used [0x00000006c2200000,0x00000006c39f8758,0x00000006c9100000)
 Metaspace       used 28317K, capacity 28828K, committed 29056K, reserved 1075200K
  class space    used 3311K, capacity 3455K, committed 3456K, reserved 1048576K
Event: 6.896 GC heap after
Heap after GC invocations=7 (full 1):
 PSYoungGen      total 109568K, used 14331K [0x000000076b600000, 0x0000000773c80000, 0x00000007c0000000)
  eden space 95232K, 0% used [0x000000076b600000,0x000000076b600000,0x0000000771300000)
  from space 14336K, 99% used [0x0000000772400000,0x00000007731fecd0,0x0000000773200000)
  to   space 17408K, 0% used [0x0000000771300000,0x0000000771300000,0x0000000772400000)
 ParOldGen       total 113664K, used 26761K [0x00000006c2200000, 0x00000006c9100000, 0x000000076b600000)
  object space 113664K, 23% used [0x00000006c2200000,0x00000006c3c225e0,0x00000006c9100000)
 Metaspace       used 28317K, capacity 28828K, committed 29056K, reserved 1075200K
  class space    used 3311K, capacity 3455K, committed 3456K, reserved 1048576K
}

